Map1.obj : error LNK2001: unresolved external symbol "public: __thiscall ObImage::ObImage(class std::basic_string<wchar_t,struct std::char_traits<wchar_t>,class std::allocator<wchar_t> >)" (??0ObImage@@QAE@V?$basic_string@_WU?$char_traits@_W@std@@V?$allocator@_W@2@@std@@@Z)
Map1.obj : error LNK2001: unresolved external symbol "class Application app" (?app@@3VApplication@@A)
Map1.obj : error LNK2001: unresolved external symbol "public: void __thiscall Sound::Play(class std::basic_string<char,struct std::char_traits<char>,class std::allocator<char> >)" (?Play@Sound@@QAEXV?$basic_string@DU?$char_traits@D@std@@V?$allocator@D@2@@std@@@Z)
Map1.obj : error LNK2001: unresolved external symbol "public: bool __thiscall Sound::AddSound(class std::basic_string<char,struct std::char_traits<char>,class std::allocator<char> >,class std::basic_string<char,struct std::char_traits<char>,class std::allocator<char> >,bool)" (?AddSound@Sound@@QAE_NV?$basic_string@DU?$char_traits@D@std@@V?$allocator@D@2@@std@@0_N@Z)
Map1.obj : error LNK2001: unresolved external symbol "public: __thiscall Sound::Sound(void)" (??0Sound@@QAE@XZ)
Map1.obj : error LNK2001: unresolved external symbol "public: __thiscall Timer::Timer(void)" (??0Timer@@QAE@XZ)
Map1.obj : error LNK2001: unresolved external symbol "public: void __thiscall GameObject::MoveWorldPos(struct DirectX::SimpleMath::Vector2)" (?MoveWorldPos@GameObject@@QAEXUVector2@SimpleMath@DirectX@@@Z)
Map1.obj : error LNK2001: unresolved external symbol "public: void __thiscall GameObject::SetWorldPosX(float)" (?SetWorldPosX@GameObject@@QAEXM@Z)
Map1.obj : error LNK2001: unresolved external symbol "public: void __thiscall GameObject::SetWorldPos(struct DirectX::SimpleMath::Vector2)" (?SetWorldPos@GameObject@@QAEXUVector2@SimpleMath@DirectX@@@Z)
Map1.obj : error LNK2001: unresolved external symbol "public: bool __thiscall GameObject::Intersect(class GameObject *)" (?Intersect@GameObject@@QAE_NPAV1@@Z)
Map1.obj : error LNK2001: unresolved external symbol "public: __thiscall ObRect::ObRect(void)" (??0ObRect@@QAE@XZ)
PicoCat.obj : error LNK2001: unresolved external symbol "public: void __thiscall ObImage::ChangeAnim(enum ANIMSTATE,float,bool)" (?ChangeAnim@ObImage@@QAEXW4ANIMSTATE@@M_N@Z)
PicoCat.obj : error LNK2001: unresolved external symbol "public: void __thiscall Sound::Stop(class std::basic_string<char,struct std::char_traits<char>,class std::allocator<char> >)" (?Stop@Sound@@QAEXV?$basic_string@DU?$char_traits@D@std@@V?$allocator@D@2@@std@@@Z)
PicoCat.obj : error LNK2001: unresolved external symbol "public: bool __thiscall Input::KeyPress(int)" (?KeyPress@Input@@QAE_NH@Z)
PicoCat.obj : error LNK2001: unresolved external symbol "public: __thiscall Input::Input(void)" (??0Input@@QAE@XZ)
PicoCat.obj : error LNK2001: unresolved external symbol "public: void __thiscall GameObject::SetWorldPosY(float)" (?SetWorldPosY@GameObject@@QAEXM@Z)
Main.obj : error LNK2001: unresolved external symbol "public: void __thiscall Sound::SetVolume(class std::basic_string<char,struct std::char_traits<char>,class std::allocator<char> >,float)" (?SetVolume@Sound@@QAEXV?$basic_string@DU?$char_traits@D@std@@V?$allocator@D@2@@std@@M@Z)
Main.obj : error LNK2001: unresolved external symbol "public: __thiscall Camera::Camera(void)" (??0Camera@@QAE@XZ)
Main.obj : error LNK2001: unresolved external symbol "public: unsigned int __thiscall Window::Run(class Scene *)" (?Run@Window@@QAEIPAVScene@@@Z)
Main.obj : error LNK2001: unresolved external symbol "public: bool __thiscall Input::KeyUp(int)" (?KeyUp@Input@@QAE_NH@Z)
Main.obj : error LNK2001: unresolved external symbol "public: bool __thiscall Input::KeyDown(int)" (?KeyDown@Input@@QAE_NH@Z)
C:\Users\lilpu\Desktop\PICOPARK-master\PICOPARK-master\Release\Game1.exe : fatal error LNK1120: 21 unresolved externals
